<?xml version="1.0" encoding="UTF-8"?>
<testsuite name="ru.spbau.mit.FTPTest" tests="4" skipped="0" failures="0" errors="0" timestamp="2017-12-03T08:45:41" hostname="angelika-laptop" time="6.492">
  <properties/>
  <testcase name="simpleListTest" classname="ru.spbau.mit.FTPTest" time="0.039"/>
  <testcase name="listRootDirectoryTest" classname="ru.spbau.mit.FTPTest" time="0.03"/>
  <testcase name="binaryFileGetTest" classname="ru.spbau.mit.FTPTest" time="6.41"/>
  <testcase name="simpleGetTest" classname="ru.spbau.mit.FTPTest" time="0.003"/>
  <system-out><![CDATA[]]></system-out>
  <system-err><![CDATA[]]></system-err>
</testsuite>
