<?xml version="1.0" encoding="UTF-8"?>
<testsuite name="ru.spbau.mit.ThreadPoolImplTest" tests="3" skipped="0" failures="0" errors="0" timestamp="2017-09-28T14:45:16" hostname="angelika-laptop" time="6.353">
  <properties/>
  <testcase name="execute" classname="ru.spbau.mit.ThreadPoolImplTest" time="6.324"/>
  <testcase name="shutdown" classname="ru.spbau.mit.ThreadPoolImplTest" time="0.024"/>
  <testcase name="checkThreadsNumber" classname="ru.spbau.mit.ThreadPoolImplTest" time="0.003"/>
  <system-out><![CDATA[]]></system-out>
  <system-err><![CDATA[]]></system-err>
</testsuite>
